Automated update at Sun Jun 22 08:23:14 UTC 2025
Automated update at Sun Jun 22 19:40:25 UTC 2025
Automated update at Mon Jun 23 19:41:22 UTC 2025
Automated update at Tue Jun 24 19:41:19 UTC 2025
Automated update at Wed Jun 25 19:41:06 UTC 2025
Automated update at Thu Jun 26 19:42:06 UTC 2025
Automated update at Fri Jun 27 19:41:24 UTC 2025
Automated update at Sat Jun 28 19:40:24 UTC 2025
Automated update at Sun Jun 29 19:40:23 UTC 2025
Automated update at Mon Jun 30 19:41:01 UTC 2025
Automated update at Tue Jul  1 19:41:12 UTC 2025
Automated update at Wed Jul  2 19:41:21 UTC 2025
Automated update at Thu Jul  3 19:40:48 UTC 2025
Automated update at Fri Jul  4 19:40:58 UTC 2025
Automated update at Sat Jul  5 19:41:27 UTC 2025
Automated update at Sun Jul  6 19:41:46 UTC 2025
Automated update at Mon Jul  7 19:42:12 UTC 2025
Automated update at Tue Jul  8 19:42:04 UTC 2025
Automated update at Wed Jul  9 19:42:07 UTC 2025
Automated update at Thu Jul 10 19:42:09 UTC 2025
Automated update at Fri Jul 11 19:43:19 UTC 2025
Automated update at Sat Jul 12 19:41:16 UTC 2025
Automated update at Sun Jul 13 19:41:13 UTC 2025
Automated update at Mon Jul 14 19:42:46 UTC 2025
Automated update at Tue Jul 15 19:43:32 UTC 2025
Automated update at Wed Jul 16 19:42:51 UTC 2025
Automated update at Thu Jul 17 19:43:44 UTC 2025
Automated update at Fri Jul 18 19:43:17 UTC 2025
Automated update at Sat Jul 19 19:41:18 UTC 2025
Automated update at Sun Jul 20 19:41:21 UTC 2025
Automated update at Mon Jul 21 19:43:14 UTC 2025
Automated update at Tue Jul 22 19:41:21 UTC 2025
Automated update at Wed Jul 23 19:43:56 UTC 2025
Automated update at Thu Jul 24 19:43:16 UTC 2025
Automated update at Fri Jul 25 19:43:38 UTC 2025
Automated update at Sat Jul 26 19:42:58 UTC 2025
Automated update at Sun Jul 27 19:42:32 UTC 2025
Automated update at Mon Jul 28 19:43:29 UTC 2025
Automated update at Tue Jul 29 19:44:03 UTC 2025
Automated update at Wed Jul 30 19:43:33 UTC 2025
Automated update at Thu Jul 31 19:43:31 UTC 2025
Automated update at Fri Aug  1 19:43:25 UTC 2025
